<?xml version="1.0" encoding="UTF-8"?>
<!-- Generated by org.testng.reporters.JUnitReportReporter -->
<testsuite skipped="0" hostname="LAPTOP-S9AMPB2H" name="com.hiver.qa.testcases.HomePageTest" tests="1" failures="0" timestamp="2020-07-14T02:08:58 IST" time="0.290" errors="0">
  <testcase name="clickHiver" time="0.290" classname="com.hiver.qa.testcases.HomePageTest"/>
  <system-out/>
</testsuite> <!-- com.hiver.qa.testcases.HomePageTest -->
