<?xml version="1.0" encoding="UTF-8"?>
<!-- Generated by org.testng.reporters.JUnitReportReporter -->
<testsuite skipped="0" hostname="LAPTOP-S9AMPB2H" name="com.hiver.qa.testcases.LoginPageTest" tests="1" failures="0" timestamp="2020-07-13T22:59:56 IST" time="20.870" errors="0">
  <testcase name="loginpagetest" time="20.870" classname="com.hiver.qa.testcases.LoginPageTest"/>
  <system-out/>
</testsuite> <!-- com.hiver.qa.testcases.LoginPageTest -->
