<?xml version="1.0" encoding="UTF-8"?>
<!-- Generated by org.testng.reporters.JUnitReportReporter -->
<testsuite skipped="0" hostname="LAPTOP-S9AMPB2H" name="com.hiver.qa.testcases.LoginToHiverTest" tests="1" failures="0" timestamp="2020-07-14T10:22:19 IST" time="0.361" errors="0">
  <testcase name="clicklogintohiver" time="0.361" classname="com.hiver.qa.testcases.LoginToHiverTest"/>
  <system-out/>
</testsuite> <!-- com.hiver.qa.testcases.LoginToHiverTest -->
