<?xml version="1.0" encoding="UTF-8"?>
<!-- Generated by org.testng.reporters.JUnitReportReporter -->
<testsuite skipped="0" hostname="LAPTOP-S9AMPB2H" name="com.hiver.qa.testcases.AdminPanelTest" tests="2" failures="0" timestamp="2020-07-14T14:29:00 IST" time="7.568" errors="0">
  <testcase name="clickhivericonagain" time="2.402" classname="com.hiver.qa.testcases.AdminPanelTest"/>
  <system-out/>
  <testcase name="Clickadminpanel" time="5.166" classname="com.hiver.qa.testcases.AdminPanelTest"/>
  <system-out/>
</testsuite> <!-- com.hiver.qa.testcases.AdminPanelTest -->
